Determining if the pthread_create exist failed with the following output:
Change Dir: /home/ubuntu/workspace/icra2017rm-mmc-ros/catkin_ws/build/CMakeFiles/CMakeTmp

Run Build Command:/usr/bin/make "cmTryCompileExec982706389/fast"
/usr/bin/make -f CMakeFiles/cmTryCompileExec982706389.dir/build.make CMakeFiles/cmTryCompileExec982706389.dir/build
make[1]: Entering directory `/home/ubuntu/workspace/icra2017rm-mmc-ros/catkin_ws/build/CMakeFiles/CMakeTmp'
/usr/bin/cmake -E cmake_progress_report /home/ubuntu/workspace/icra2017rm-mmc-ros/catkin_ws/build/CMakeFiles/CMakeTmp/CMakeFiles 1
Building C object CMakeFiles/cmTryCompileExec982706389.dir/CheckSymbolExists.c.o
/usr/bin/cc    -o CMakeFiles/cmTryCompileExec982706389.dir/CheckSymbolExists.c.o   -c /home/ubuntu/workspace/icra2017rm-mmc-ros/catkin_ws/build/CMakeFiles/CMakeTmp/CheckSymbolExists.c
Linking C executable cmTryCompileExec982706389
/usr/bin/cmake -E cmake_link_script CMakeFiles/cmTryCompileExec982706389.dir/link.txt --verbose=1
/usr/bin/cc       CMakeFiles/cmTryCompileExec982706389.dir/CheckSymbolExists.c.o  -o cmTryCompileExec982706389 -rdynamic 
CMakeFiles/cmTryCompileExec982706389.dir/CheckSymbolExists.c.o: In function `main':
CheckSymbolExists.c:(.text+0xe): undefined reference to `pthread_create'
CheckSymbolExists.c:(.text+0x12): undefined reference to `pthread_create'
make[1]: Leaving directory `/home/ubuntu/workspace/icra2017rm-mmc-ros/catkin_ws/build/CMakeFiles/CMakeTmp'
collect2: error: ld returned 1 exit status
make[1]: *** [cmTryCompileExec982706389] Error 1
make: *** [cmTryCompileExec982706389/fast] Error 2

File /home/ubuntu/workspace/icra2017rm-mmc-ros/catkin_ws/build/CMakeFiles/CMakeTmp/CheckSymbolExists.c:
/* */
#include <pthread.h>

int main(int argc, char** argv)
{
  (void)argv;
#ifndef pthread_create
  return ((int*)(&pthread_create))[argc];
#else
  (void)argc;
  return 0;
#endif
}

Determining if the function pthread_create exists in the pthreads failed with the following output:
Change Dir: /home/ubuntu/workspace/icra2017rm-mmc-ros/catkin_ws/build/CMakeFiles/CMakeTmp

Run Build Command:/usr/bin/make "cmTryCompileExec573031090/fast"
/usr/bin/make -f CMakeFiles/cmTryCompileExec573031090.dir/build.make CMakeFiles/cmTryCompileExec573031090.dir/build
make[1]: Entering directory `/home/ubuntu/workspace/icra2017rm-mmc-ros/catkin_ws/build/CMakeFiles/CMakeTmp'
/usr/bin/cmake -E cmake_progress_report /home/ubuntu/workspace/icra2017rm-mmc-ros/catkin_ws/build/CMakeFiles/CMakeTmp/CMakeFiles 1
Building C object CMakeFiles/cmTryCompileExec573031090.dir/CheckFunctionExists.c.o
/usr/bin/cc   -DCHECK_FUNCTION_EXISTS=pthread_create   -o CMakeFiles/cmTryCompileExec573031090.dir/CheckFunctionExists.c.o   -c /usr/share/cmake-2.8/Modules/CheckFunctionExists.c
Linking C executable cmTryCompileExec573031090
/usr/bin/cmake -E cmake_link_script CMakeFiles/cmTryCompileExec573031090.dir/link.txt --verbose=1
/usr/bin/cc   -DCHECK_FUNCTION_EXISTS=pthread_create    CMakeFiles/cmTryCompileExec573031090.dir/CheckFunctionExists.c.o  -o cmTryCompileExec573031090 -rdynamic -lpthreads 
/usr/bin/ld: cannot find -lpthreads
collect2: error: ld returned 1 exit status
make[1]: Leaving directory `/home/ubuntu/workspace/icra2017rm-mmc-ros/catkin_ws/build/CMakeFiles/CMakeTmp'
make[1]: *** [cmTryCompileExec573031090] Error 1
make: *** [cmTryCompileExec573031090/fast] Error 2


